d:\github project\directx11\directx11\bin\03. tool.ipdb
d:\github project\directx11\directx11\bin\03. tool.iobj
d:\github project\directx11\directx11\03. tool\release\03. tool.pch
d:\github project\directx11\directx11\03. tool\release\vc141.pdb
d:\github project\directx11\directx11\03. tool\release\stdafx.obj
d:\github project\directx11\directx11\03. tool\release\resinfodlg.obj
d:\github project\directx11\directx11\03. tool\release\mysplitterwnd.obj
d:\github project\directx11\directx11\03. tool\release\meshrenderdlg.obj
d:\github project\directx11\directx11\03. tool\release\materialdlg.obj
d:\github project\directx11\directx11\03. tool\release\listdlg.obj
d:\github project\directx11\directx11\03. tool\release\hierachyview.obj
d:\github project\directx11\directx11\03. tool\release\gameview.obj
d:\github project\directx11\directx11\03. tool\release\gameobjectdlg.obj
d:\github project\directx11\directx11\03. tool\release\dbgview.obj
d:\github project\directx11\directx11\03. tool\release\componentview.obj
d:\github project\directx11\directx11\03. tool\release\componentdlg.obj
d:\github project\directx11\directx11\03. tool\release\collisionlayer.obj
d:\github project\directx11\directx11\03. tool\release\collider2ddlg.obj
d:\github project\directx11\directx11\03. tool\release\cameradlg.obj
d:\github project\directx11\directx11\03. tool\release\btnview.obj
d:\github project\directx11\directx11\03. tool\release\animator2ddlg.obj
d:\github project\directx11\directx11\03. tool\release\addlayerdlg.obj
d:\github project\directx11\directx11\03. tool\release\addcomponentdlg.obj
d:\github project\directx11\directx11\03. tool\release\addanimfile.obj
d:\github project\directx11\directx11\03. tool\release\addanimdlg.obj
d:\github project\directx11\directx11\03. tool\release\transformdlg.obj
d:\github project\directx11\directx11\03. tool\release\mainfrm.obj
d:\github project\directx11\directx11\03. tool\release\toolapp.obj
d:\github project\directx11\directx11\03. tool\release\scriptdlg.obj
d:\github project\directx11\directx11\03. tool\release\resourcedlg.obj
d:\github project\directx11\directx11\bin\03. tool.exe
d:\github project\directx11\directx11\bin\03. tool.pdb
d:\github project\directx11\directx11\03. tool\release\my03tool.res
d:\github project\directx11\directx11\03. tool\release\03. tool.tlog\03. tool.write.1u.tlog
d:\github project\directx11\directx11\03. tool\release\03. tool.tlog\cl.command.1.tlog
d:\github project\directx11\directx11\03. tool\release\03. tool.tlog\cl.read.1.tlog
d:\github project\directx11\directx11\03. tool\release\03. tool.tlog\cl.write.1.tlog
d:\github project\directx11\directx11\03. tool\release\03. tool.tlog\link.command.1.tlog
d:\github project\directx11\directx11\03. tool\release\03. tool.tlog\link.read.1.tlog
d:\github project\directx11\directx11\03. tool\release\03. tool.tlog\link.write.1.tlog
d:\github project\directx11\directx11\03. tool\release\03. tool.tlog\rc.command.1.tlog
d:\github project\directx11\directx11\03. tool\release\03. tool.tlog\rc.read.1.tlog
d:\github project\directx11\directx11\03. tool\release\03. tool.tlog\rc.write.1.tlog
